2015-12-11 20:27:41,510 - django-application - DEBUG - ciao
2015-12-11 20:35:16,161 - django-application - DEBUG - file trovato
2015-12-11 20:35:16,180 - django-application - DEBUG - file di posizionamento trovato nella sessione
2015-12-11 20:39:16,916 - django-application - DEBUG - file trovato
2015-12-11 20:39:16,933 - django-application - DEBUG - file di posizionamento trovato nella sessione
2015-12-11 20:40:19,340 - django-application - DEBUG - Upload Riuscito
2015-12-11 20:40:19,340 - django-application - DEBUG - Upload Riuscito
2015-12-11 20:40:22,782 - django-application - DEBUG - file trovato
2015-12-11 20:40:22,782 - django-application - DEBUG - file trovato
2015-12-11 20:40:22,782 - django-application - DEBUG - file trovato
2015-12-11 20:40:22,800 - django-application - DEBUG - file di posizionamento trovato nella sessione
2015-12-11 20:40:22,800 - django-application - DEBUG - file di posizionamento trovato nella sessione
2015-12-11 20:40:22,800 - django-application - DEBUG - file di posizionamento trovato nella sessione
2015-12-11 21:07:30,304 - django-application - DEBUG - file trovato
2015-12-11 21:07:30,325 - django-application - DEBUG - file di posizionamento trovato nella sessione
2015-12-11 21:07:34,769 - django-application - DEBUG - Salvataggio Riuscito
2015-12-11 21:07:34,769 - django-application - DEBUG - Salvataggio Riuscito
2015-12-11 21:07:37,587 - django-application - DEBUG - file trovato
2015-12-11 21:07:37,587 - django-application - DEBUG - file trovato
2015-12-11 21:07:37,587 - django-application - DEBUG - file trovato
2015-12-11 21:07:37,605 - django-application - DEBUG - file di posizionamento trovato nella sessione
2015-12-11 21:07:37,605 - django-application - DEBUG - file di posizionamento trovato nella sessione
2015-12-11 21:07:37,605 - django-application - DEBUG - file di posizionamento trovato nella sessione
2015-12-11 21:07:43,473 - django-application - DEBUG - Upload Riuscito
2015-12-11 21:07:43,473 - django-application - DEBUG - Upload Riuscito
2015-12-11 21:07:43,473 - django-application - DEBUG - Upload Riuscito
2015-12-11 21:07:43,473 - django-application - DEBUG - Upload Riuscito
2015-12-11 21:07:45,969 - django-application - DEBUG - file trovato
2015-12-11 21:07:45,969 - django-application - DEBUG - file trovato
2015-12-11 21:07:45,969 - django-application - DEBUG - file trovato
2015-12-11 21:07:45,969 - django-application - DEBUG - file trovato
2015-12-11 21:07:45,969 - django-application - DEBUG - file trovato
2015-12-11 21:07:45,986 - django-application - DEBUG - file di posizionamento trovato nella sessione
2015-12-11 21:07:45,986 - django-application - DEBUG - file di posizionamento trovato nella sessione
2015-12-11 21:07:45,986 - django-application - DEBUG - file di posizionamento trovato nella sessione
2015-12-11 21:07:45,986 - django-application - DEBUG - file di posizionamento trovato nella sessione
2015-12-11 21:07:45,986 - django-application - DEBUG - file di posizionamento trovato nella sessione
2015-12-11 21:07:50,373 - django-application - DEBUG - file trovato
2015-12-11 21:07:50,373 - django-application - DEBUG - file trovato
2015-12-11 21:07:50,373 - django-application - DEBUG - file trovato
2015-12-11 21:07:50,373 - django-application - DEBUG - file trovato
2015-12-11 21:07:50,373 - django-application - DEBUG - file trovato
2015-12-11 21:07:50,373 - django-application - DEBUG - file trovato
2015-12-11 21:07:50,390 - django-application - DEBUG - file di posizionamento presente
2015-12-11 21:07:50,390 - django-application - DEBUG - file di posizionamento presente
2015-12-11 21:07:50,390 - django-application - DEBUG - file di posizionamento presente
2015-12-11 21:07:50,390 - django-application - DEBUG - file di posizionamento presente
2015-12-11 21:07:50,390 - django-application - DEBUG - file di posizionamento presente
2015-12-11 21:07:50,390 - django-application - DEBUG - file di posizionamento presente
2015-12-11 21:07:50,392 - django-application - DEBUG - Download Riuscito
2015-12-11 21:07:50,392 - django-application - DEBUG - Download Riuscito
2015-12-11 21:07:50,392 - django-application - DEBUG - Download Riuscito
2015-12-11 21:07:50,392 - django-application - DEBUG - Download Riuscito
2015-12-11 21:07:50,392 - django-application - DEBUG - Download Riuscito
2015-12-11 21:07:50,392 - django-application - DEBUG - Download Riuscito
2015-12-11 21:07:52,954 - django-application - DEBUG - file trovato
2015-12-11 21:07:52,954 - django-application - DEBUG - file trovato
2015-12-11 21:07:52,954 - django-application - DEBUG - file trovato
2015-12-11 21:07:52,954 - django-application - DEBUG - file trovato
2015-12-11 21:07:52,954 - django-application - DEBUG - file trovato
2015-12-11 21:07:52,954 - django-application - DEBUG - file trovato
2015-12-11 21:07:52,954 - django-application - DEBUG - file trovato
2015-12-11 21:07:52,972 - django-application - DEBUG - file di posizionamento trovato nella sessione
2015-12-11 21:07:52,972 - django-application - DEBUG - file di posizionamento trovato nella sessione
2015-12-11 21:07:52,972 - django-application - DEBUG - file di posizionamento trovato nella sessione
2015-12-11 21:07:52,972 - django-application - DEBUG - file di posizionamento trovato nella sessione
2015-12-11 21:07:52,972 - django-application - DEBUG - file di posizionamento trovato nella sessione
2015-12-11 21:07:52,972 - django-application - DEBUG - file di posizionamento trovato nella sessione
2015-12-11 21:07:52,972 - django-application - DEBUG - file di posizionamento trovato nella sessione
2015-12-11 21:43:04,845 - django-application - DEBUG - file trovato
2015-12-11 21:43:04,845 - django-application - DEBUG - file trovato
2015-12-11 21:43:04,845 - django-application - DEBUG - file trovato
2015-12-11 21:43:04,845 - django-application - DEBUG - file trovato
2015-12-11 21:43:04,845 - django-application - DEBUG - file trovato
2015-12-11 21:43:04,845 - django-application - DEBUG - file trovato
2015-12-11 21:43:04,845 - django-application - DEBUG - file trovato
2015-12-11 21:43:04,845 - django-application - DEBUG - file trovato
2015-12-11 21:43:04,869 - django-application - DEBUG - file di posizionamento trovato nella sessione
2015-12-11 21:43:04,869 - django-application - DEBUG - file di posizionamento trovato nella sessione
2015-12-11 21:43:04,869 - django-application - DEBUG - file di posizionamento trovato nella sessione
2015-12-11 21:43:04,869 - django-application - DEBUG - file di posizionamento trovato nella sessione
2015-12-11 21:43:04,869 - django-application - DEBUG - file di posizionamento trovato nella sessione
2015-12-11 21:43:04,869 - django-application - DEBUG - file di posizionamento trovato nella sessione
2015-12-11 21:43:04,869 - django-application - DEBUG - file di posizionamento trovato nella sessione
2015-12-11 21:43:04,869 - django-application - DEBUG - file di posizionamento trovato nella sessione
2015-12-12 10:06:36,038 - django-application - DEBUG - file trovato
2015-12-12 10:06:36,038 - django-application - DEBUG - file trovato
2015-12-12 10:06:36,038 - django-application - DEBUG - file trovato
2015-12-12 10:06:36,038 - django-application - DEBUG - file trovato
2015-12-12 10:06:36,038 - django-application - DEBUG - file trovato
2015-12-12 10:06:36,038 - django-application - DEBUG - file trovato
2015-12-12 10:06:36,038 - django-application - DEBUG - file trovato
2015-12-12 10:06:36,038 - django-application - DEBUG - file trovato
2015-12-12 10:06:36,038 - django-application - DEBUG - file trovato
2015-12-12 10:06:36,053 - django-application - DEBUG - file di posizionamento trovato nella sessione
2015-12-12 10:06:36,053 - django-application - DEBUG - file di posizionamento trovato nella sessione
2015-12-12 10:06:36,053 - django-application - DEBUG - file di posizionamento trovato nella sessione
2015-12-12 10:06:36,053 - django-application - DEBUG - file di posizionamento trovato nella sessione
2015-12-12 10:06:36,053 - django-application - DEBUG - file di posizionamento trovato nella sessione
2015-12-12 10:06:36,053 - django-application - DEBUG - file di posizionamento trovato nella sessione
2015-12-12 10:06:36,053 - django-application - DEBUG - file di posizionamento trovato nella sessione
2015-12-12 10:06:36,053 - django-application - DEBUG - file di posizionamento trovato nella sessione
2015-12-12 10:06:36,053 - django-application - DEBUG - file di posizionamento trovato nella sessione
2015-12-12 10:06:44,526 - django-application - DEBUG - file trovato
2015-12-12 10:06:44,526 - django-application - DEBUG - file trovato
2015-12-12 10:06:44,526 - django-application - DEBUG - file trovato
2015-12-12 10:06:44,526 - django-application - DEBUG - file trovato
2015-12-12 10:06:44,526 - django-application - DEBUG - file trovato
2015-12-12 10:06:44,526 - django-application - DEBUG - file trovato
2015-12-12 10:06:44,526 - django-application - DEBUG - file trovato
2015-12-12 10:06:44,526 - django-application - DEBUG - file trovato
2015-12-12 10:06:44,526 - django-application - DEBUG - file trovato
2015-12-12 10:06:44,526 - django-application - DEBUG - file trovato
2015-12-12 10:06:44,540 - django-application - DEBUG - file di posizionamento trovato nella sessione
2015-12-12 10:06:44,540 - django-application - DEBUG - file di posizionamento trovato nella sessione
2015-12-12 10:06:44,540 - django-application - DEBUG - file di posizionamento trovato nella sessione
2015-12-12 10:06:44,540 - django-application - DEBUG - file di posizionamento trovato nella sessione
2015-12-12 10:06:44,540 - django-application - DEBUG - file di posizionamento trovato nella sessione
2015-12-12 10:06:44,540 - django-application - DEBUG - file di posizionamento trovato nella sessione
2015-12-12 10:06:44,540 - django-application - DEBUG - file di posizionamento trovato nella sessione
2015-12-12 10:06:44,540 - django-application - DEBUG - file di posizionamento trovato nella sessione
2015-12-12 10:06:44,540 - django-application - DEBUG - file di posizionamento trovato nella sessione
2015-12-12 10:06:44,540 - django-application - DEBUG - file di posizionamento trovato nella sessione
2015-12-12 10:12:54,663 - django-application - DEBUG - file trovato
2015-12-12 10:12:54,663 - django-application - DEBUG - file trovato
2015-12-12 10:12:54,663 - django-application - DEBUG - file trovato
2015-12-12 10:12:54,663 - django-application - DEBUG - file trovato
2015-12-12 10:12:54,663 - django-application - DEBUG - file trovato
2015-12-12 10:12:54,663 - django-application - DEBUG - file trovato
2015-12-12 10:12:54,663 - django-application - DEBUG - file trovato
2015-12-12 10:12:54,663 - django-application - DEBUG - file trovato
2015-12-12 10:12:54,663 - django-application - DEBUG - file trovato
2015-12-12 10:12:54,663 - django-application - DEBUG - file trovato
2015-12-12 10:12:54,663 - django-application - DEBUG - file trovato
2015-12-12 10:12:54,677 - django-application - DEBUG - file di posizionamento trovato nella sessione
2015-12-12 10:12:54,677 - django-application - DEBUG - file di posizionamento trovato nella sessione
2015-12-12 10:12:54,677 - django-application - DEBUG - file di posizionamento trovato nella sessione
2015-12-12 10:12:54,677 - django-application - DEBUG - file di posizionamento trovato nella sessione
2015-12-12 10:12:54,677 - django-application - DEBUG - file di posizionamento trovato nella sessione
2015-12-12 10:12:54,677 - django-application - DEBUG - file di posizionamento trovato nella sessione
2015-12-12 10:12:54,677 - django-application - DEBUG - file di posizionamento trovato nella sessione
2015-12-12 10:12:54,677 - django-application - DEBUG - file di posizionamento trovato nella sessione
2015-12-12 10:12:54,677 - django-application - DEBUG - file di posizionamento trovato nella sessione
2015-12-12 10:12:54,677 - django-application - DEBUG - file di posizionamento trovato nella sessione
2015-12-12 10:12:54,677 - django-application - DEBUG - file di posizionamento trovato nella sessione
2015-12-12 10:13:56,360 - django-application - DEBUG - file trovato
2015-12-12 10:13:56,360 - django-application - DEBUG - file trovato
2015-12-12 10:13:56,360 - django-application - DEBUG - file trovato
2015-12-12 10:13:56,360 - django-application - DEBUG - file trovato
2015-12-12 10:13:56,360 - django-application - DEBUG - file trovato
2015-12-12 10:13:56,360 - django-application - DEBUG - file trovato
2015-12-12 10:13:56,360 - django-application - DEBUG - file trovato
2015-12-12 10:13:56,360 - django-application - DEBUG - file trovato
2015-12-12 10:13:56,360 - django-application - DEBUG - file trovato
2015-12-12 10:13:56,360 - django-application - DEBUG - file trovato
2015-12-12 10:13:56,360 - django-application - DEBUG - file trovato
2015-12-12 10:13:56,360 - django-application - DEBUG - file trovato
2015-12-12 10:13:56,378 - django-application - DEBUG - file di posizionamento trovato nella sessione
2015-12-12 10:13:56,378 - django-application - DEBUG - file di posizionamento trovato nella sessione
2015-12-12 10:13:56,378 - django-application - DEBUG - file di posizionamento trovato nella sessione
2015-12-12 10:13:56,378 - django-application - DEBUG - file di posizionamento trovato nella sessione
2015-12-12 10:13:56,378 - django-application - DEBUG - file di posizionamento trovato nella sessione
2015-12-12 10:13:56,378 - django-application - DEBUG - file di posizionamento trovato nella sessione
2015-12-12 10:13:56,378 - django-application - DEBUG - file di posizionamento trovato nella sessione
2015-12-12 10:13:56,378 - django-application - DEBUG - file di posizionamento trovato nella sessione
2015-12-12 10:13:56,378 - django-application - DEBUG - file di posizionamento trovato nella sessione
2015-12-12 10:13:56,378 - django-application - DEBUG - file di posizionamento trovato nella sessione
2015-12-12 10:13:56,378 - django-application - DEBUG - file di posizionamento trovato nella sessione
2015-12-12 10:13:56,378 - django-application - DEBUG - file di posizionamento trovato nella sessione
2015-12-12 10:14:35,892 - django-application - DEBUG - file trovato
2015-12-12 10:14:35,892 - django-application - DEBUG - file trovato
2015-12-12 10:14:35,892 - django-application - DEBUG - file trovato
2015-12-12 10:14:35,892 - django-application - DEBUG - file trovato
2015-12-12 10:14:35,892 - django-application - DEBUG - file trovato
2015-12-12 10:14:35,892 - django-application - DEBUG - file trovato
2015-12-12 10:14:35,892 - django-application - DEBUG - file trovato
2015-12-12 10:14:35,892 - django-application - DEBUG - file trovato
2015-12-12 10:14:35,892 - django-application - DEBUG - file trovato
2015-12-12 10:14:35,892 - django-application - DEBUG - file trovato
2015-12-12 10:14:35,892 - django-application - DEBUG - file trovato
2015-12-12 10:14:35,892 - django-application - DEBUG - file trovato
2015-12-12 10:14:35,892 - django-application - DEBUG - file trovato
2015-12-12 10:14:35,904 - django-application - DEBUG - file di posizionamento trovato nella sessione
2015-12-12 10:14:35,904 - django-application - DEBUG - file di posizionamento trovato nella sessione
2015-12-12 10:14:35,904 - django-application - DEBUG - file di posizionamento trovato nella sessione
2015-12-12 10:14:35,904 - django-application - DEBUG - file di posizionamento trovato nella sessione
2015-12-12 10:14:35,904 - django-application - DEBUG - file di posizionamento trovato nella sessione
2015-12-12 10:14:35,904 - django-application - DEBUG - file di posizionamento trovato nella sessione
2015-12-12 10:14:35,904 - django-application - DEBUG - file di posizionamento trovato nella sessione
2015-12-12 10:14:35,904 - django-application - DEBUG - file di posizionamento trovato nella sessione
2015-12-12 10:14:35,904 - django-application - DEBUG - file di posizionamento trovato nella sessione
2015-12-12 10:14:35,904 - django-application - DEBUG - file di posizionamento trovato nella sessione
2015-12-12 10:14:35,904 - django-application - DEBUG - file di posizionamento trovato nella sessione
2015-12-12 10:14:35,904 - django-application - DEBUG - file di posizionamento trovato nella sessione
2015-12-12 10:14:35,904 - django-application - DEBUG - file di posizionamento trovato nella sessione
2015-12-12 10:18:30,118 - django-application - DEBUG - file trovato
2015-12-12 10:18:30,118 - django-application - DEBUG - file trovato
2015-12-12 10:18:30,118 - django-application - DEBUG - file trovato
2015-12-12 10:18:30,118 - django-application - DEBUG - file trovato
2015-12-12 10:18:30,118 - django-application - DEBUG - file trovato
2015-12-12 10:18:30,118 - django-application - DEBUG - file trovato
2015-12-12 10:18:30,118 - django-application - DEBUG - file trovato
2015-12-12 10:18:30,118 - django-application - DEBUG - file trovato
2015-12-12 10:18:30,118 - django-application - DEBUG - file trovato
2015-12-12 10:18:30,118 - django-application - DEBUG - file trovato
2015-12-12 10:18:30,118 - django-application - DEBUG - file trovato
2015-12-12 10:18:30,118 - django-application - DEBUG - file trovato
2015-12-12 10:18:30,118 - django-application - DEBUG - file trovato
2015-12-12 10:18:30,118 - django-application - DEBUG - file trovato
2015-12-12 10:18:30,138 - django-application - DEBUG - file di posizionamento trovato nella sessione
2015-12-12 10:18:30,138 - django-application - DEBUG - file di posizionamento trovato nella sessione
2015-12-12 10:18:30,138 - django-application - DEBUG - file di posizionamento trovato nella sessione
2015-12-12 10:18:30,138 - django-application - DEBUG - file di posizionamento trovato nella sessione
2015-12-12 10:18:30,138 - django-application - DEBUG - file di posizionamento trovato nella sessione
2015-12-12 10:18:30,138 - django-application - DEBUG - file di posizionamento trovato nella sessione
2015-12-12 10:18:30,138 - django-application - DEBUG - file di posizionamento trovato nella sessione
2015-12-12 10:18:30,138 - django-application - DEBUG - file di posizionamento trovato nella sessione
2015-12-12 10:18:30,138 - django-application - DEBUG - file di posizionamento trovato nella sessione
2015-12-12 10:18:30,138 - django-application - DEBUG - file di posizionamento trovato nella sessione
2015-12-12 10:18:30,138 - django-application - DEBUG - file di posizionamento trovato nella sessione
2015-12-12 10:18:30,138 - django-application - DEBUG - file di posizionamento trovato nella sessione
2015-12-12 10:18:30,138 - django-application - DEBUG - file di posizionamento trovato nella sessione
2015-12-12 10:18:30,138 - django-application - DEBUG - file di posizionamento trovato nella sessione
2015-12-12 10:32:43,242 - django-application - DEBUG - file trovato
2015-12-12 10:32:43,242 - django-application - DEBUG - file trovato
2015-12-12 10:32:43,242 - django-application - DEBUG - file trovato
2015-12-12 10:32:43,242 - django-application - DEBUG - file trovato
2015-12-12 10:32:43,242 - django-application - DEBUG - file trovato
2015-12-12 10:32:43,242 - django-application - DEBUG - file trovato
2015-12-12 10:32:43,242 - django-application - DEBUG - file trovato
2015-12-12 10:32:43,242 - django-application - DEBUG - file trovato
2015-12-12 10:32:43,242 - django-application - DEBUG - file trovato
2015-12-12 10:32:43,242 - django-application - DEBUG - file trovato
2015-12-12 10:32:43,242 - django-application - DEBUG - file trovato
2015-12-12 10:32:43,242 - django-application - DEBUG - file trovato
2015-12-12 10:32:43,242 - django-application - DEBUG - file trovato
2015-12-12 10:32:43,242 - django-application - DEBUG - file trovato
2015-12-12 10:32:43,242 - django-application - DEBUG - file trovato
2015-12-12 10:32:43,282 - django-application - DEBUG - file di posizionamento trovato nella sessione
2015-12-12 10:32:43,282 - django-application - DEBUG - file di posizionamento trovato nella sessione
2015-12-12 10:32:43,282 - django-application - DEBUG - file di posizionamento trovato nella sessione
2015-12-12 10:32:43,282 - django-application - DEBUG - file di posizionamento trovato nella sessione
2015-12-12 10:32:43,282 - django-application - DEBUG - file di posizionamento trovato nella sessione
2015-12-12 10:32:43,282 - django-application - DEBUG - file di posizionamento trovato nella sessione
2015-12-12 10:32:43,282 - django-application - DEBUG - file di posizionamento trovato nella sessione
2015-12-12 10:32:43,282 - django-application - DEBUG - file di posizionamento trovato nella sessione
2015-12-12 10:32:43,282 - django-application - DEBUG - file di posizionamento trovato nella sessione
2015-12-12 10:32:43,282 - django-application - DEBUG - file di posizionamento trovato nella sessione
2015-12-12 10:32:43,282 - django-application - DEBUG - file di posizionamento trovato nella sessione
2015-12-12 10:32:43,282 - django-application - DEBUG - file di posizionamento trovato nella sessione
2015-12-12 10:32:43,282 - django-application - DEBUG - file di posizionamento trovato nella sessione
2015-12-12 10:32:43,282 - django-application - DEBUG - file di posizionamento trovato nella sessione
2015-12-12 10:32:43,282 - django-application - DEBUG - file di posizionamento trovato nella sessione
2015-12-12 10:54:30,950 - django-application - DEBUG - file trovato
2015-12-12 10:54:30,950 - django-application - DEBUG - file trovato
2015-12-12 10:54:30,950 - django-application - DEBUG - file trovato
2015-12-12 10:54:30,950 - django-application - DEBUG - file trovato
2015-12-12 10:54:30,950 - django-application - DEBUG - file trovato
2015-12-12 10:54:30,950 - django-application - DEBUG - file trovato
2015-12-12 10:54:30,950 - django-application - DEBUG - file trovato
2015-12-12 10:54:30,950 - django-application - DEBUG - file trovato
2015-12-12 10:54:30,950 - django-application - DEBUG - file trovato
2015-12-12 10:54:30,950 - django-application - DEBUG - file trovato
2015-12-12 10:54:30,950 - django-application - DEBUG - file trovato
2015-12-12 10:54:30,950 - django-application - DEBUG - file trovato
2015-12-12 10:54:30,950 - django-application - DEBUG - file trovato
2015-12-12 10:54:30,950 - django-application - DEBUG - file trovato
2015-12-12 10:54:30,950 - django-application - DEBUG - file trovato
2015-12-12 10:54:30,950 - django-application - DEBUG - file trovato
2015-12-12 10:54:30,971 - django-application - DEBUG - file di posizionamento trovato nella sessione
2015-12-12 10:54:30,971 - django-application - DEBUG - file di posizionamento trovato nella sessione
2015-12-12 10:54:30,971 - django-application - DEBUG - file di posizionamento trovato nella sessione
2015-12-12 10:54:30,971 - django-application - DEBUG - file di posizionamento trovato nella sessione
2015-12-12 10:54:30,971 - django-application - DEBUG - file di posizionamento trovato nella sessione
2015-12-12 10:54:30,971 - django-application - DEBUG - file di posizionamento trovato nella sessione
2015-12-12 10:54:30,971 - django-application - DEBUG - file di posizionamento trovato nella sessione
2015-12-12 10:54:30,971 - django-application - DEBUG - file di posizionamento trovato nella sessione
2015-12-12 10:54:30,971 - django-application - DEBUG - file di posizionamento trovato nella sessione
2015-12-12 10:54:30,971 - django-application - DEBUG - file di posizionamento trovato nella sessione
2015-12-12 10:54:30,971 - django-application - DEBUG - file di posizionamento trovato nella sessione
2015-12-12 10:54:30,971 - django-application - DEBUG - file di posizionamento trovato nella sessione
2015-12-12 10:54:30,971 - django-application - DEBUG - file di posizionamento trovato nella sessione
2015-12-12 10:54:30,971 - django-application - DEBUG - file di posizionamento trovato nella sessione
2015-12-12 10:54:30,971 - django-application - DEBUG - file di posizionamento trovato nella sessione
2015-12-12 10:54:30,971 - django-application - DEBUG - file di posizionamento trovato nella sessione
2015-12-12 10:56:08,732 - django-application - DEBUG - file trovato
2015-12-12 10:56:08,732 - django-application - DEBUG - file trovato
2015-12-12 10:56:08,732 - django-application - DEBUG - file trovato
2015-12-12 10:56:08,732 - django-application - DEBUG - file trovato
2015-12-12 10:56:08,732 - django-application - DEBUG - file trovato
2015-12-12 10:56:08,732 - django-application - DEBUG - file trovato
2015-12-12 10:56:08,732 - django-application - DEBUG - file trovato
2015-12-12 10:56:08,732 - django-application - DEBUG - file trovato
2015-12-12 10:56:08,732 - django-application - DEBUG - file trovato
2015-12-12 10:56:08,732 - django-application - DEBUG - file trovato
2015-12-12 10:56:08,732 - django-application - DEBUG - file trovato
2015-12-12 10:56:08,732 - django-application - DEBUG - file trovato
2015-12-12 10:56:08,732 - django-application - DEBUG - file trovato
2015-12-12 10:56:08,732 - django-application - DEBUG - file trovato
2015-12-12 10:56:08,732 - django-application - DEBUG - file trovato
2015-12-12 10:56:08,732 - django-application - DEBUG - file trovato
2015-12-12 10:56:08,732 - django-application - DEBUG - file trovato
2015-12-12 10:56:08,748 - django-application - DEBUG - file di posizionamento trovato nella sessione
2015-12-12 10:56:08,748 - django-application - DEBUG - file di posizionamento trovato nella sessione
2015-12-12 10:56:08,748 - django-application - DEBUG - file di posizionamento trovato nella sessione
2015-12-12 10:56:08,748 - django-application - DEBUG - file di posizionamento trovato nella sessione
2015-12-12 10:56:08,748 - django-application - DEBUG - file di posizionamento trovato nella sessione
2015-12-12 10:56:08,748 - django-application - DEBUG - file di posizionamento trovato nella sessione
2015-12-12 10:56:08,748 - django-application - DEBUG - file di posizionamento trovato nella sessione
2015-12-12 10:56:08,748 - django-application - DEBUG - file di posizionamento trovato nella sessione
2015-12-12 10:56:08,748 - django-application - DEBUG - file di posizionamento trovato nella sessione
2015-12-12 10:56:08,748 - django-application - DEBUG - file di posizionamento trovato nella sessione
2015-12-12 10:56:08,748 - django-application - DEBUG - file di posizionamento trovato nella sessione
2015-12-12 10:56:08,748 - django-application - DEBUG - file di posizionamento trovato nella sessione
2015-12-12 10:56:08,748 - django-application - DEBUG - file di posizionamento trovato nella sessione
2015-12-12 10:56:08,748 - django-application - DEBUG - file di posizionamento trovato nella sessione
2015-12-12 10:56:08,748 - django-application - DEBUG - file di posizionamento trovato nella sessione
2015-12-12 10:56:08,748 - django-application - DEBUG - file di posizionamento trovato nella sessione
2015-12-12 10:56:08,748 - django-application - DEBUG - file di posizionamento trovato nella sessione
2015-12-12 10:57:47,164 - django-application - DEBUG - file trovato
2015-12-12 10:57:47,164 - django-application - DEBUG - file trovato
2015-12-12 10:57:47,164 - django-application - DEBUG - file trovato
2015-12-12 10:57:47,164 - django-application - DEBUG - file trovato
2015-12-12 10:57:47,164 - django-application - DEBUG - file trovato
2015-12-12 10:57:47,164 - django-application - DEBUG - file trovato
2015-12-12 10:57:47,164 - django-application - DEBUG - file trovato
2015-12-12 10:57:47,164 - django-application - DEBUG - file trovato
2015-12-12 10:57:47,164 - django-application - DEBUG - file trovato
2015-12-12 10:57:47,164 - django-application - DEBUG - file trovato
2015-12-12 10:57:47,164 - django-application - DEBUG - file trovato
2015-12-12 10:57:47,164 - django-application - DEBUG - file trovato
2015-12-12 10:57:47,164 - django-application - DEBUG - file trovato
2015-12-12 10:57:47,164 - django-application - DEBUG - file trovato
2015-12-12 10:57:47,164 - django-application - DEBUG - file trovato
2015-12-12 10:57:47,164 - django-application - DEBUG - file trovato
2015-12-12 10:57:47,164 - django-application - DEBUG - file trovato
2015-12-12 10:57:47,164 - django-application - DEBUG - file trovato
2015-12-12 10:57:47,179 - django-application - DEBUG - file di posizionamento trovato nella sessione
2015-12-12 10:57:47,179 - django-application - DEBUG - file di posizionamento trovato nella sessione
2015-12-12 10:57:47,179 - django-application - DEBUG - file di posizionamento trovato nella sessione
2015-12-12 10:57:47,179 - django-application - DEBUG - file di posizionamento trovato nella sessione
2015-12-12 10:57:47,179 - django-application - DEBUG - file di posizionamento trovato nella sessione
2015-12-12 10:57:47,179 - django-application - DEBUG - file di posizionamento trovato nella sessione
2015-12-12 10:57:47,179 - django-application - DEBUG - file di posizionamento trovato nella sessione
2015-12-12 10:57:47,179 - django-application - DEBUG - file di posizionamento trovato nella sessione
2015-12-12 10:57:47,179 - django-application - DEBUG - file di posizionamento trovato nella sessione
2015-12-12 10:57:47,179 - django-application - DEBUG - file di posizionamento trovato nella sessione
2015-12-12 10:57:47,179 - django-application - DEBUG - file di posizionamento trovato nella sessione
2015-12-12 10:57:47,179 - django-application - DEBUG - file di posizionamento trovato nella sessione
2015-12-12 10:57:47,179 - django-application - DEBUG - file di posizionamento trovato nella sessione
2015-12-12 10:57:47,179 - django-application - DEBUG - file di posizionamento trovato nella sessione
2015-12-12 10:57:47,179 - django-application - DEBUG - file di posizionamento trovato nella sessione
2015-12-12 10:57:47,179 - django-application - DEBUG - file di posizionamento trovato nella sessione
2015-12-12 10:57:47,179 - django-application - DEBUG - file di posizionamento trovato nella sessione
2015-12-12 10:57:47,179 - django-application - DEBUG - file di posizionamento trovato nella sessione
2015-12-12 11:10:57,850 - django-application - DEBUG - file trovato
2015-12-12 11:10:57,850 - django-application - DEBUG - file trovato
2015-12-12 11:10:57,850 - django-application - DEBUG - file trovato
2015-12-12 11:10:57,850 - django-application - DEBUG - file trovato
2015-12-12 11:10:57,850 - django-application - DEBUG - file trovato
2015-12-12 11:10:57,850 - django-application - DEBUG - file trovato
2015-12-12 11:10:57,850 - django-application - DEBUG - file trovato
2015-12-12 11:10:57,850 - django-application - DEBUG - file trovato
2015-12-12 11:10:57,850 - django-application - DEBUG - file trovato
2015-12-12 11:10:57,850 - django-application - DEBUG - file trovato
2015-12-12 11:10:57,850 - django-application - DEBUG - file trovato
2015-12-12 11:10:57,850 - django-application - DEBUG - file trovato
2015-12-12 11:10:57,850 - django-application - DEBUG - file trovato
2015-12-12 11:10:57,850 - django-application - DEBUG - file trovato
2015-12-12 11:10:57,850 - django-application - DEBUG - file trovato
2015-12-12 11:10:57,850 - django-application - DEBUG - file trovato
2015-12-12 11:10:57,850 - django-application - DEBUG - file trovato
2015-12-12 11:10:57,850 - django-application - DEBUG - file trovato
2015-12-12 11:10:57,850 - django-application - DEBUG - file trovato
2015-12-12 11:10:57,870 - django-application - DEBUG - file di posizionamento trovato nella sessione
2015-12-12 11:10:57,870 - django-application - DEBUG - file di posizionamento trovato nella sessione
2015-12-12 11:10:57,870 - django-application - DEBUG - file di posizionamento trovato nella sessione
2015-12-12 11:10:57,870 - django-application - DEBUG - file di posizionamento trovato nella sessione
2015-12-12 11:10:57,870 - django-application - DEBUG - file di posizionamento trovato nella sessione
2015-12-12 11:10:57,870 - django-application - DEBUG - file di posizionamento trovato nella sessione
2015-12-12 11:10:57,870 - django-application - DEBUG - file di posizionamento trovato nella sessione
2015-12-12 11:10:57,870 - django-application - DEBUG - file di posizionamento trovato nella sessione
2015-12-12 11:10:57,870 - django-application - DEBUG - file di posizionamento trovato nella sessione
2015-12-12 11:10:57,870 - django-application - DEBUG - file di posizionamento trovato nella sessione
2015-12-12 11:10:57,870 - django-application - DEBUG - file di posizionamento trovato nella sessione
2015-12-12 11:10:57,870 - django-application - DEBUG - file di posizionamento trovato nella sessione
2015-12-12 11:10:57,870 - django-application - DEBUG - file di posizionamento trovato nella sessione
2015-12-12 11:10:57,870 - django-application - DEBUG - file di posizionamento trovato nella sessione
2015-12-12 11:10:57,870 - django-application - DEBUG - file di posizionamento trovato nella sessione
2015-12-12 11:10:57,870 - django-application - DEBUG - file di posizionamento trovato nella sessione
2015-12-12 11:10:57,870 - django-application - DEBUG - file di posizionamento trovato nella sessione
2015-12-12 11:10:57,870 - django-application - DEBUG - file di posizionamento trovato nella sessione
2015-12-12 11:10:57,870 - django-application - DEBUG - file di posizionamento trovato nella sessione
2015-12-12 11:19:46,941 - django-application - DEBUG - file trovato
2015-12-12 11:19:46,941 - django-application - DEBUG - file trovato
2015-12-12 11:19:46,941 - django-application - DEBUG - file trovato
2015-12-12 11:19:46,941 - django-application - DEBUG - file trovato
2015-12-12 11:19:46,941 - django-application - DEBUG - file trovato
2015-12-12 11:19:46,941 - django-application - DEBUG - file trovato
2015-12-12 11:19:46,941 - django-application - DEBUG - file trovato
2015-12-12 11:19:46,941 - django-application - DEBUG - file trovato
2015-12-12 11:19:46,941 - django-application - DEBUG - file trovato
2015-12-12 11:19:46,941 - django-application - DEBUG - file trovato
2015-12-12 11:19:46,941 - django-application - DEBUG - file trovato
2015-12-12 11:19:46,941 - django-application - DEBUG - file trovato
2015-12-12 11:19:46,941 - django-application - DEBUG - file trovato
2015-12-12 11:19:46,941 - django-application - DEBUG - file trovato
2015-12-12 11:19:46,941 - django-application - DEBUG - file trovato
2015-12-12 11:19:46,941 - django-application - DEBUG - file trovato
2015-12-12 11:19:46,941 - django-application - DEBUG - file trovato
2015-12-12 11:19:46,941 - django-application - DEBUG - file trovato
2015-12-12 11:19:46,941 - django-application - DEBUG - file trovato
2015-12-12 11:19:46,941 - django-application - DEBUG - file trovato
2015-12-12 11:19:46,961 - django-application - DEBUG - file di posizionamento trovato nella sessione
2015-12-12 11:19:46,961 - django-application - DEBUG - file di posizionamento trovato nella sessione
2015-12-12 11:19:46,961 - django-application - DEBUG - file di posizionamento trovato nella sessione
2015-12-12 11:19:46,961 - django-application - DEBUG - file di posizionamento trovato nella sessione
2015-12-12 11:19:46,961 - django-application - DEBUG - file di posizionamento trovato nella sessione
2015-12-12 11:19:46,961 - django-application - DEBUG - file di posizionamento trovato nella sessione
2015-12-12 11:19:46,961 - django-application - DEBUG - file di posizionamento trovato nella sessione
2015-12-12 11:19:46,961 - django-application - DEBUG - file di posizionamento trovato nella sessione
2015-12-12 11:19:46,961 - django-application - DEBUG - file di posizionamento trovato nella sessione
2015-12-12 11:19:46,961 - django-application - DEBUG - file di posizionamento trovato nella sessione
2015-12-12 11:19:46,961 - django-application - DEBUG - file di posizionamento trovato nella sessione
2015-12-12 11:19:46,961 - django-application - DEBUG - file di posizionamento trovato nella sessione
2015-12-12 11:19:46,961 - django-application - DEBUG - file di posizionamento trovato nella sessione
2015-12-12 11:19:46,961 - django-application - DEBUG - file di posizionamento trovato nella sessione
2015-12-12 11:19:46,961 - django-application - DEBUG - file di posizionamento trovato nella sessione
2015-12-12 11:19:46,961 - django-application - DEBUG - file di posizionamento trovato nella sessione
2015-12-12 11:19:46,961 - django-application - DEBUG - file di posizionamento trovato nella sessione
2015-12-12 11:19:46,961 - django-application - DEBUG - file di posizionamento trovato nella sessione
2015-12-12 11:19:46,961 - django-application - DEBUG - file di posizionamento trovato nella sessione
2015-12-12 11:19:46,961 - django-application - DEBUG - file di posizionamento trovato nella sessione
2015-12-12 11:20:28,771 - django-application - DEBUG - Salvataggio Riuscito
2015-12-12 11:20:28,771 - django-application - DEBUG - Salvataggio Riuscito
2015-12-12 11:20:28,771 - django-application - DEBUG - Salvataggio Riuscito
2015-12-12 11:20:28,771 - django-application - DEBUG - Salvataggio Riuscito
2015-12-12 11:20:28,771 - django-application - DEBUG - Salvataggio Riuscito
2015-12-12 11:20:28,771 - django-application - DEBUG - Salvataggio Riuscito
2015-12-12 11:20:28,771 - django-application - DEBUG - Salvataggio Riuscito
2015-12-12 11:20:28,771 - django-application - DEBUG - Salvataggio Riuscito
2015-12-12 11:20:28,771 - django-application - DEBUG - Salvataggio Riuscito
2015-12-12 11:20:28,771 - django-application - DEBUG - Salvataggio Riuscito
2015-12-12 11:20:28,771 - django-application - DEBUG - Salvataggio Riuscito
2015-12-12 11:20:28,771 - django-application - DEBUG - Salvataggio Riuscito
2015-12-12 11:20:28,771 - django-application - DEBUG - Salvataggio Riuscito
2015-12-12 11:20:28,771 - django-application - DEBUG - Salvataggio Riuscito
2015-12-12 11:20:28,771 - django-application - DEBUG - Salvataggio Riuscito
2015-12-12 11:20:28,771 - django-application - DEBUG - Salvataggio Riuscito
2015-12-12 11:20:28,771 - django-application - DEBUG - Salvataggio Riuscito
2015-12-12 11:20:28,771 - django-application - DEBUG - Salvataggio Riuscito
2015-12-12 11:20:28,771 - django-application - DEBUG - Salvataggio Riuscito
2015-12-12 11:20:28,771 - django-application - DEBUG - Salvataggio Riuscito
2015-12-12 11:20:28,771 - django-application - DEBUG - Salvataggio Riuscito
2015-12-12 11:20:52,852 - django-application - DEBUG - file trovato
2015-12-12 11:20:52,852 - django-application - DEBUG - file trovato
2015-12-12 11:20:52,852 - django-application - DEBUG - file trovato
2015-12-12 11:20:52,852 - django-application - DEBUG - file trovato
2015-12-12 11:20:52,852 - django-application - DEBUG - file trovato
2015-12-12 11:20:52,852 - django-application - DEBUG - file trovato
2015-12-12 11:20:52,852 - django-application - DEBUG - file trovato
2015-12-12 11:20:52,852 - django-application - DEBUG - file trovato
2015-12-12 11:20:52,852 - django-application - DEBUG - file trovato
2015-12-12 11:20:52,852 - django-application - DEBUG - file trovato
2015-12-12 11:20:52,852 - django-application - DEBUG - file trovato
2015-12-12 11:20:52,852 - django-application - DEBUG - file trovato
2015-12-12 11:20:52,852 - django-application - DEBUG - file trovato
2015-12-12 11:20:52,852 - django-application - DEBUG - file trovato
2015-12-12 11:20:52,852 - django-application - DEBUG - file trovato
2015-12-12 11:20:52,852 - django-application - DEBUG - file trovato
2015-12-12 11:20:52,852 - django-application - DEBUG - file trovato
2015-12-12 11:20:52,852 - django-application - DEBUG - file trovato
2015-12-12 11:20:52,852 - django-application - DEBUG - file trovato
2015-12-12 11:20:52,852 - django-application - DEBUG - file trovato
2015-12-12 11:20:52,852 - django-application - DEBUG - file trovato
2015-12-12 11:20:52,852 - django-application - DEBUG - file trovato
2015-12-12 11:21:27,486 - django-application - DEBUG - file trovato
2015-12-12 11:21:27,486 - django-application - DEBUG - file trovato
2015-12-12 11:21:27,486 - django-application - DEBUG - file trovato
2015-12-12 11:21:27,486 - django-application - DEBUG - file trovato
2015-12-12 11:21:27,486 - django-application - DEBUG - file trovato
2015-12-12 11:21:27,486 - django-application - DEBUG - file trovato
2015-12-12 11:21:27,486 - django-application - DEBUG - file trovato
2015-12-12 11:21:27,486 - django-application - DEBUG - file trovato
2015-12-12 11:21:27,486 - django-application - DEBUG - file trovato
2015-12-12 11:21:27,486 - django-application - DEBUG - file trovato
2015-12-12 11:21:27,486 - django-application - DEBUG - file trovato
2015-12-12 11:21:27,486 - django-application - DEBUG - file trovato
2015-12-12 11:21:27,486 - django-application - DEBUG - file trovato
2015-12-12 11:21:27,486 - django-application - DEBUG - file trovato
2015-12-12 11:21:27,486 - django-application - DEBUG - file trovato
2015-12-12 11:21:27,486 - django-application - DEBUG - file trovato
2015-12-12 11:21:27,486 - django-application - DEBUG - file trovato
2015-12-12 11:21:27,486 - django-application - DEBUG - file trovato
2015-12-12 11:21:27,486 - django-application - DEBUG - file trovato
2015-12-12 11:21:27,486 - django-application - DEBUG - file trovato
2015-12-12 11:21:27,486 - django-application - DEBUG - file trovato
2015-12-12 11:21:27,486 - django-application - DEBUG - file trovato
2015-12-12 11:21:27,486 - django-application - DEBUG - file trovato
2015-12-12 11:22:05,047 - django-application - DEBUG - file trovato
2015-12-12 11:22:05,047 - django-application - DEBUG - file trovato
2015-12-12 11:22:05,047 - django-application - DEBUG - file trovato
2015-12-12 11:22:05,047 - django-application - DEBUG - file trovato
2015-12-12 11:22:05,047 - django-application - DEBUG - file trovato
2015-12-12 11:22:05,047 - django-application - DEBUG - file trovato
2015-12-12 11:22:05,047 - django-application - DEBUG - file trovato
2015-12-12 11:22:05,047 - django-application - DEBUG - file trovato
2015-12-12 11:22:05,047 - django-application - DEBUG - file trovato
2015-12-12 11:22:05,047 - django-application - DEBUG - file trovato
2015-12-12 11:22:05,047 - django-application - DEBUG - file trovato
2015-12-12 11:22:05,047 - django-application - DEBUG - file trovato
2015-12-12 11:22:05,047 - django-application - DEBUG - file trovato
2015-12-12 11:22:05,047 - django-application - DEBUG - file trovato
2015-12-12 11:22:05,047 - django-application - DEBUG - file trovato
2015-12-12 11:22:05,047 - django-application - DEBUG - file trovato
2015-12-12 11:22:05,047 - django-application - DEBUG - file trovato
2015-12-12 11:22:05,047 - django-application - DEBUG - file trovato
2015-12-12 11:22:05,047 - django-application - DEBUG - file trovato
2015-12-12 11:22:05,047 - django-application - DEBUG - file trovato
2015-12-12 11:22:05,047 - django-application - DEBUG - file trovato
2015-12-12 11:22:05,047 - django-application - DEBUG - file trovato
2015-12-12 11:22:05,047 - django-application - DEBUG - file trovato
2015-12-12 11:22:05,047 - django-application - DEBUG - file trovato
2015-12-12 11:22:05,067 - django-application - DEBUG - file di posizionamento trovato nella sessione
2015-12-12 11:22:05,067 - django-application - DEBUG - file di posizionamento trovato nella sessione
2015-12-12 11:22:05,067 - django-application - DEBUG - file di posizionamento trovato nella sessione
2015-12-12 11:22:05,067 - django-application - DEBUG - file di posizionamento trovato nella sessione
2015-12-12 11:22:05,067 - django-application - DEBUG - file di posizionamento trovato nella sessione
2015-12-12 11:22:05,067 - django-application - DEBUG - file di posizionamento trovato nella sessione
2015-12-12 11:22:05,067 - django-application - DEBUG - file di posizionamento trovato nella sessione
2015-12-12 11:22:05,067 - django-application - DEBUG - file di posizionamento trovato nella sessione
2015-12-12 11:22:05,067 - django-application - DEBUG - file di posizionamento trovato nella sessione
2015-12-12 11:22:05,067 - django-application - DEBUG - file di posizionamento trovato nella sessione
2015-12-12 11:22:05,067 - django-application - DEBUG - file di posizionamento trovato nella sessione
2015-12-12 11:22:05,067 - django-application - DEBUG - file di posizionamento trovato nella sessione
2015-12-12 11:22:05,067 - django-application - DEBUG - file di posizionamento trovato nella sessione
2015-12-12 11:22:05,067 - django-application - DEBUG - file di posizionamento trovato nella sessione
2015-12-12 11:22:05,067 - django-application - DEBUG - file di posizionamento trovato nella sessione
2015-12-12 11:22:05,067 - django-application - DEBUG - file di posizionamento trovato nella sessione
2015-12-12 11:22:05,067 - django-application - DEBUG - file di posizionamento trovato nella sessione
2015-12-12 11:22:05,067 - django-application - DEBUG - file di posizionamento trovato nella sessione
2015-12-12 11:22:05,067 - django-application - DEBUG - file di posizionamento trovato nella sessione
2015-12-12 11:22:05,067 - django-application - DEBUG - file di posizionamento trovato nella sessione
2015-12-12 11:22:05,067 - django-application - DEBUG - file di posizionamento trovato nella sessione
2015-12-12 11:22:05,067 - django-application - DEBUG - file di posizionamento trovato nella sessione
2015-12-12 11:22:05,067 - django-application - DEBUG - file di posizionamento trovato nella sessione
2015-12-12 11:22:05,067 - django-application - DEBUG - file di posizionamento trovato nella sessione
